2023-03-21T10:31:02,803 [main] INFO  com.had.Calculator - [SQ ROOT] - 16.0
2023-03-21T10:31:02,809 [main] INFO  com.had.Calculator - [RESULT - SQ ROOT] - 4.0
2023-03-21T10:31:02,810 [main] INFO  com.had.Calculator - [SQ ROOT] - 1.0
2023-03-21T10:31:02,811 [main] INFO  com.had.Calculator - [RESULT - SQ ROOT] - 1.0
2023-03-21T10:31:02,812 [main] INFO  com.had.Calculator - [SQ ROOT] - 81.0
2023-03-21T10:31:02,812 [main] INFO  com.had.Calculator - [RESULT - SQ ROOT] - 9.0
2023-03-21T10:31:02,814 [main] INFO  com.had.Calculator - [SQ ROOT] - 36.0
2023-03-21T10:31:02,814 [main] INFO  com.had.Calculator - [RESULT - SQ ROOT] - 6.0
2023-03-21T10:31:02,816 [main] INFO  com.had.Calculator - [SQ ROOT] - 3.0
2023-03-21T10:31:02,817 [main] INFO  com.had.Calculator - [RESULT - SQ ROOT] - 1.7320508075688772
2023-03-21T10:31:02,817 [main] INFO  com.had.Calculator - [SQ ROOT] - 4.0
2023-03-21T10:31:02,818 [main] INFO  com.had.Calculator - [RESULT - SQ ROOT] - 2.0
2023-03-21T10:31:02,819 [main] INFO  com.had.Calculator - [SQ ROOT] - 81.0
2023-03-21T10:31:02,820 [main] INFO  com.had.Calculator - [RESULT - SQ ROOT] - 9.0
2023-03-21T10:31:02,821 [main] INFO  com.had.Calculator - [SQ ROOT] - 36.0
2023-03-21T10:31:02,821 [main] INFO  com.had.Calculator - [RESULT - SQ ROOT] - 6.0
2023-03-21T10:31:02,823 [main] INFO  com.had.Calculator - [NATURAL LOG] - 1.0
2023-03-21T10:31:02,825 [main] INFO  com.had.Calculator - [RESULT - NATURAL LOG] - 0.0
2023-03-21T10:31:02,831 [main] INFO  com.had.Calculator - [POWER - 2.0 RAISED TO] 3.0
2023-03-21T10:31:02,833 [main] INFO  com.had.Calculator - [RESULT - POWER] - 8.0
2023-03-21T10:31:02,834 [main] INFO  com.had.Calculator - [POWER - 3.0 RAISED TO] 3.0
2023-03-21T10:31:02,835 [main] INFO  com.had.Calculator - [RESULT - POWER] - 27.0
2023-03-21T10:31:02,835 [main] INFO  com.had.Calculator - [POWER - 4.0 RAISED TO] 3.0
2023-03-21T10:31:02,836 [main] INFO  com.had.Calculator - [RESULT - POWER] - 64.0
2023-03-21T10:31:02,837 [main] INFO  com.had.Calculator - [POWER - 5.0 RAISED TO] 3.0
2023-03-21T10:31:02,837 [main] INFO  com.had.Calculator - [RESULT - POWER] - 125.0
2023-03-21T10:31:02,839 [main] INFO  com.had.Calculator - [POWER - 2.0 RAISED TO] 3.0
2023-03-21T10:31:02,840 [main] INFO  com.had.Calculator - [RESULT - POWER] - 8.0
2023-03-21T10:31:02,841 [main] INFO  com.had.Calculator - [POWER - 1.0 RAISED TO] 3.0
2023-03-21T10:31:02,841 [main] INFO  com.had.Calculator - [RESULT - POWER] - 1.0
2023-03-21T10:31:02,841 [main] INFO  com.had.Calculator - [POWER - 3.0 RAISED TO] 4.0
2023-03-21T10:31:02,842 [main] INFO  com.had.Calculator - [RESULT - POWER] - 81.0
2023-03-21T10:31:02,843 [main] INFO  com.had.Calculator - [POWER - 4.0 RAISED TO] 3.0
2023-03-21T10:31:02,845 [main] INFO  com.had.Calculator - [RESULT - POWER] - 64.0
2023-03-21T10:31:02,846 [main] INFO  com.had.Calculator - [POWER - 5.0 RAISED TO] 2.0
2023-03-21T10:31:02,847 [main] INFO  com.had.Calculator - [RESULT - POWER] - 25.0
2023-03-21T10:31:02,848 [main] INFO  com.had.Calculator - [NATURAL LOG] - 2.4
2023-03-21T10:31:02,850 [main] INFO  com.had.Calculator - [RESULT - NATURAL LOG] - 0.8754687373538999
2023-03-21T10:31:02,850 [main] INFO  com.had.Calculator - [NATURAL LOG] - 2.1
2023-03-21T10:31:02,851 [main] INFO  com.had.Calculator - [RESULT - NATURAL LOG] - 0.7419373447293773
2023-03-21T14:13:02,364 [main] INFO  com.had.Calculator - [FACTORIAL] - 4.0
2023-03-21T14:13:02,368 [main] INFO  com.had.Calculator - [RESULT - FACTORIAL] - 24.0
2023-03-21T22:31:14,101 [main] INFO  com.had.Calculator - [FACTORIAL] - 4.0
2023-03-21T22:31:14,114 [main] INFO  com.had.Calculator - [RESULT - FACTORIAL] - 24.0
